<?xml version="1.0" encoding="UTF-8"?>
<!-- Generated by org.testng.reporters.JUnitReportReporter -->
<testsuite skipped="0" hostname="DESKTOP-NRV3P3I" name="org.test.DataProvider_Direct" tests="2" failures="0" timestamp="09 Mar 2021 08:03:13 GMT" time="14.195" errors="0">
  <testcase name="test1" time="7.894" classname="org.test.DataProvider_Direct"/>
  <testcase name="test1" time="6.301" classname="org.test.DataProvider_Direct"/>
</testsuite> <!-- org.test.DataProvider_Direct -->
