<?xml version="1.0" encoding="UTF-8"?>
<!-- Generated by org.testng.reporters.JUnitReportReporter -->
<testsuite skipped="0" hostname="DESKTOP-NRV3P3I" name="org.test.DataProvider1" tests="3" failures="0" timestamp="09 Mar 2021 05:16:49 GMT" time="22.132" errors="0">
  <testcase name="test1" time="7.604" classname="org.test.DataProvider1"/>
  <testcase name="test1" time="7.645" classname="org.test.DataProvider1"/>
  <testcase name="test1" time="6.883" classname="org.test.DataProvider1"/>
</testsuite> <!-- org.test.DataProvider1 -->
