<?xml version="1.0" encoding="UTF-8"?>
<!-- Generated by org.testng.reporters.JUnitReportReporter -->
<testsuite skipped="0" hostname="DESKTOP-NRV3P3I" name="org.test.FaceBookTest" tests="6" failures="0" timestamp="25 Feb 2021 07:57:52 GMT" time="29.230" errors="0">
  <testcase name="browser" time="16.605" classname="org.test.FaceBookTest"/>
  <testcase name="browser" time="11.367" classname="org.test.FaceBookTest"/>
  <testcase name="username" time="0.685" classname="org.test.FaceBookTest"/>
  <testcase name="username" time="0.125" classname="org.test.FaceBookTest"/>
  <testcase name="password" time="0.356" classname="org.test.FaceBookTest"/>
  <testcase name="password" time="0.092" classname="org.test.FaceBookTest"/>
</testsuite> <!-- org.test.FaceBookTest -->
