<?xml version="1.0" encoding="UTF-8"?>
<!-- Generated by org.testng.reporters.JUnitReportReporter -->
<testsuite skipped="0" hostname="DESKTOP-NRV3P3I" name="org.test.Demo" tests="2" failures="0" timestamp="19 Mar 2021 07:39:15 GMT" time="0.035" errors="0">
  <testcase name="test1" time="0.026" classname="org.test.Demo"/>
  <testcase name="test1" time="0.009" classname="org.test.Demo"/>
</testsuite> <!-- org.test.Demo -->
