<?xml version="1.0" encoding="UTF-8"?>
<!-- Generated by org.testng.reporters.JUnitReportReporter -->
<testsuite skipped="0" hostname="DESKTOP-NRV3P3I" name="org.test.ParallelExecutionDemo" tests="6" failures="0" timestamp="19 Mar 2021 07:57:14 GMT" time="0.015" errors="0">
  <testcase name="test2" time="0.002" classname="org.test.ParallelExecutionDemo"/>
  <testcase name="test2" time="0.002" classname="org.test.ParallelExecutionDemo"/>
  <testcase name="test1" time="0.006" classname="org.test.ParallelExecutionDemo"/>
  <testcase name="test3" time="0.002" classname="org.test.ParallelExecutionDemo"/>
  <testcase name="test2" time="0.001" classname="org.test.ParallelExecutionDemo"/>
  <testcase name="test2" time="0.002" classname="org.test.ParallelExecutionDemo"/>
</testsuite> <!-- org.test.ParallelExecutionDemo -->
