<?xml version="1.0" encoding="UTF-8"?>
<!-- Generated by org.testng.reporters.JUnitReportReporter -->
<testsuite skipped="0" hostname="DESKTOP-NRV3P3I" name="org.test.SampleTest" tests="5" failures="0" timestamp="19 Mar 2021 07:36:51 GMT" time="0.023" errors="0">
  <testcase name="test2" time="0.007" classname="org.test.SampleTest"/>
  <testcase name="test5" time="0.003" classname="org.test.SampleTest"/>
  <testcase name="test1" time="0.004" classname="org.test.SampleTest"/>
  <testcase name="test3" time="0.005" classname="org.test.SampleTest"/>
  <testcase name="test4" time="0.004" classname="org.test.SampleTest"/>
</testsuite> <!-- org.test.SampleTest -->
