<?xml version="1.0" encoding="UTF-8"?>
<!-- Generated by org.testng.reporters.JUnitReportReporter -->
<testsuite skipped="0" hostname="DESKTOP-NRV3P3I" name="org.test.TestQuestion1_2" tests="2" failures="0" timestamp="23 Feb 2021 16:29:20 GMT" time="0.100" errors="0">
  <testcase name="logIn" time="0.056" classname="org.test.TestQuestion1_2"/>
  <testcase name="logIn" time="0.044" classname="org.test.TestQuestion1_2"/>
</testsuite> <!-- org.test.TestQuestion1_2 -->
