<?xml version="1.0" encoding="UTF-8"?>
<!-- Generated by org.testng.reporters.JUnitReportReporter -->
<testsuite skipped="0" hostname="DESKTOP-NRV3P3I" name="org.test.TestDemo" tests="2" failures="0" timestamp="27 Feb 2021 11:39:49 GMT" time="0.015" errors="0">
  <testcase name="test6" time="0.002" classname="org.test.TestDemo"/>
  <testcase name="test2" time="0.013" classname="org.test.TestDemo"/>
</testsuite> <!-- org.test.TestDemo -->
