<?xml version="1.0" encoding="UTF-8"?>
<!-- Generated by org.testng.reporters.JUnitReportReporter -->
<testsuite skipped="0" hostname="DESKTOP-NRV3P3I" name="org.test.ExecutionOrder" tests="2" failures="0" timestamp="29 Apr 2021 15:24:56 GMT" time="0.048" errors="0">
  <testcase name="test2" time="0.017" classname="org.test.ExecutionOrder"/>
  <testcase name="test1" time="0.031" classname="org.test.ExecutionOrder"/>
</testsuite> <!-- org.test.ExecutionOrder -->
