<?xml version="1.0" encoding="UTF-8"?>
<!-- Generated by org.testng.reporters.JUnitReportReporter -->
<testsuite skipped="0" hostname="DESKTOP-NRV3P3I" name="org.test.TestQuestion1" tests="2" failures="0" timestamp="23 Feb 2021 07:56:52 GMT" time="0.692" errors="0">
  <testcase name="pswd" time="0.299" classname="org.test.TestQuestion1"/>
  <testcase name="userName" time="0.393" classname="org.test.TestQuestion1"/>
</testsuite> <!-- org.test.TestQuestion1 -->
