<?xml version="1.0" encoding="UTF-8"?>
<!-- Generated by org.testng.reporters.JUnitReportReporter -->
<testsuite skipped="0" hostname="DESKTOP-NRV3P3I" name="org.test.SampleTest3" tests="1" failures="0" timestamp="02 Mar 2021 02:57:53 GMT" time="1.438" errors="0">
  <testcase name="details" time="1.438" classname="org.test.SampleTest3"/>
</testsuite> <!-- org.test.SampleTest3 -->
