<?xml version="1.0" encoding="UTF-8"?>
<!-- Generated by org.testng.reporters.JUnitReportReporter -->
<testsuite skipped="0" hostname="DESKTOP-NRV3P3I" name="org.test.TestQuestion1_1" tests="4" failures="0" timestamp="23 Feb 2021 16:29:20 GMT" time="1.035" errors="0">
  <testcase name="userName" time="0.271" classname="org.test.TestQuestion1_1"/>
  <testcase name="userName" time="0.334" classname="org.test.TestQuestion1_1"/>
  <testcase name="pswd" time="0.218" classname="org.test.TestQuestion1_1"/>
  <testcase name="pswd" time="0.212" classname="org.test.TestQuestion1_1"/>
</testsuite> <!-- org.test.TestQuestion1_1 -->
