<?xml version="1.0" encoding="UTF-8"?>
<!-- Generated by org.testng.reporters.JUnitReportReporter -->
<testsuite skipped="0" hostname="DESKTOP-NRV3P3I" name="org.test.ExecutionOrder2" tests="2" failures="0" timestamp="29 Apr 2021 15:24:56 GMT" time="0.014" errors="0">
  <testcase name="test3" time="0.006" classname="org.test.ExecutionOrder2"/>
  <testcase name="test4" time="0.008" classname="org.test.ExecutionOrder2"/>
</testsuite> <!-- org.test.ExecutionOrder2 -->
