<?xml version="1.0" encoding="UTF-8"?>
<!-- Generated by org.testng.reporters.JUnitReportReporter -->
<testsuite skipped="0" hostname="DESKTOP-NRV3P3I" name="org.test.TestQuestion14" tests="4" failures="0" timestamp="24 Feb 2021 07:25:06 GMT" time="14.325" errors="0">
  <testcase name="signIn" time="3.413" classname="org.test.TestQuestion14"/>
  <testcase name="signIn" time="3.251" classname="org.test.TestQuestion14"/>
  <testcase name="mailId" time="3.637" classname="org.test.TestQuestion14"/>
  <testcase name="mailId" time="4.024" classname="org.test.TestQuestion14"/>
</testsuite> <!-- org.test.TestQuestion14 -->
